<?xml version="1.0" encoding="UTF-8"?>
<!-- Generated by org.testng.reporters.JUnitXMLReporter -->
<testsuite hostname="ip-192-168-0-103.ec2.internal" ignored="1" name="AmazonSearchTests" tests="2" failures="0" timestamp="11 Apr 2021 15:44:28 GMT" time="24.008" errors="0">
  <testcase name="verifyListingPriceAndAddToCartPrice" time="10.494" classname="com.automation.testCases.AmazonSearchPageTestCases"/>
  <testcase name="verifyListingPriceAndProceedCheckoutAssetPrice" time="1.726" classname="com.automation.testCases.AmazonSearchPageTestCases"/>
  <testcase name="verifyListingPriceAndCheckOutPrice" time="0.0" classname="com.automation.testCases.AmazonSearchPageTestCases">
    <ignored/>
  </testcase> <!-- verifyListingPriceAndCheckOutPrice -->
</testsuite> <!-- AmazonSearchTests -->
